<?xml version="1.0" encoding="utf-8" standalone="no"?>
<!--This file represents the results of running a test suite-->
<test-results name="C:\Documents and Settings\Admin\My Documents\Downloads\Compressed\Project CSDL\Paint\bin\Debug\Paint.exe" total="0" errors="0" failures="0" not-run="0" inconclusive="0" ignored="0" skipped="0" invalid="0" date="2010-10-30" time="19:49:18">
  <environment nunit-version="2.5.8.10295" clr-version="2.0.50727.3615" os-version="Microsoft Windows NT 5.1.2600 Service Pack 3" platform="Win32NT" cwd="C:\Documents and Settings\Admin\My Documents\Downloads\Compressed\Project CSDL\Paint\bin\Debug" machine-name="TRUONGNV-BK" user="Admin" user-domain="TRUONGNV-BK" />
  <culture-info current-culture="vi-VN" current-uiculture="en-US" />
  <test-suite type="Assembly" name="C:\Documents and Settings\Admin\My Documents\Downloads\Compressed\Project CSDL\Paint\bin\Debug\Paint.exe" executed="False" result="NotRunnable">
    <reason>
      <message><![CDATA[Has no TestFixtures]]></message>
    </reason>
  </test-suite>
</test-results>